/BATCH  
/COM,ANSYS RELEASE 2024 R1           BUILD 24.1      UP20231106       16:48:25
/input,menust,tmp,''
/COM,ANSYS RELEASE 2024 R1           BUILD 24.1      UP20231106       16:48:25
/GRA,POWER
/GST,ON
/PLO,INFO,3
/GRO,CURL,ON
/CPLANE,1   
/REPLOT,RESIZE  
WPSTYLE,,,,,,,,0
/INPUT,'FEM_Project_v0','','C:\Users\feder\Desktop\FEM\PROJECT\Ansys\',, 0  
/COM,ANSYS RELEASE 2024 R1           BUILD 24.1      UP20231106       16:48:49
/SOLU   
/STATUS,SOLU
SOLVE   
/REPLOT,RESIZE  
FINISH  
/POST1  
SET,LIST
! /UIS,MSGPOP,2 
KEYW,PR_SGVOF,0 
/NERR,5,10000, ,0,5,
!*  
! /UIS,MSGPOP,2 
KEYW,PR_SGVOF,0 
/NERR,5,10000, ,0,5,
!*  
/DIST, 1 ,0.924021,1
/REP,FAST   
/DIST, 1 ,0.924021,1
/REP,FAST   
/DIST, 1 ,0.924021,1
/REP,FAST   
/DIST, 1 ,0.924021,1
/REP,FAST   
/DIST, 1 ,0.924021,1
/REP,FAST   
/DIST, 1 ,0.924021,1
/REP,FAST   
/DIST, 1 ,0.924021,1
/REP,FAST   
/DIST, 1 ,0.924021,1
/REP,FAST   
/DIST, 1 ,0.924021,1
/REP,FAST   
/DIST, 1 ,0.924021,1
/REP,FAST   
/DIST, 1 ,0.924021,1
/REP,FAST   
/DIST, 1 ,0.924021,1
/REP,FAST   
/DIST, 1 ,1.082226,1
/REP,FAST   
/DIST, 1 ,1.082226,1
/REP,FAST   
/DIST, 1 ,1.082226,1
/REP,FAST   
/DIST, 1 ,1.082226,1
/REP,FAST   
/DIST, 1 ,1.082226,1
/REP,FAST   
/DIST, 1 ,1.082226,1
/REP,FAST   
/DIST, 1 ,1.082226,1
/REP,FAST   
/DIST, 1 ,1.082226,1
/REP,FAST   
/DIST, 1 ,1.082226,1
/REP,FAST   
/DIST, 1 ,1.082226,1
/REP,FAST   
/DIST, 1 ,1.082226,1
/REP,FAST   
/DIST, 1 ,1.082226,1
/REP,FAST   
/DIST, 1 ,1.082226,1
/REP,FAST   
/INPUT,'FEM_Project_v0','','C:\Users\feder\Desktop\FEM\PROJECT\Ansys\',, 0  
/COM,ANSYS RELEASE 2024 R1           BUILD 24.1      UP20231106       16:54:07
/SOLU   
/STATUS,SOLU
SOLVE   
/INPUT,'FEM_Project_v0','','C:\Users\feder\Desktop\FEM\PROJECT\Ansys\',, 0  
/COM,ANSYS RELEASE 2024 R1           BUILD 24.1      UP20231106       17:09:50
/SOLU   
/STATUS,SOLU
SOLVE   
/eshape,1   
/INPUT,'FEM_Project_v0','','C:\Users\feder\Desktop\FEM\PROJECT\Ansys\',, 0  
/COM,ANSYS RELEASE 2024 R1           BUILD 24.1      UP20231106       17:14:49
/POST1  
PLDISP,1
PLDISP,1
!*  
/SHRINK,0   
/ESHAPE,1.0 
/EFACET,1   
/RATIO,1,1,1
/CFORMAT,32,0   
/REPLOT 
!*  
!*  
/SHRINK,0   
/ESHAPE,1   
/EFACET,1   
/RATIO,1,1,1
/CFORMAT,32,0   
/REPLOT 
!*  
/ANG, 1 ,-30.000000,XS,1
/REP,FAST   
/ANG, 1 ,-30.000000,XS,1
/REP,FAST   
/ANG, 1 ,-30.000000,XS,1
/REP,FAST   
